Apr 25, 2023 11:29:29 PM main.Main main
INFO: Logger Intialized
Apr 25, 2023 11:29:29 PM main.Main start
INFO: Start Function Initialized
Apr 25, 2023 11:29:30 PM main.Main start
INFO: Welcome Screen Displayed
Apr 25, 2023 11:29:31 PM Controller.HelloController globeclicked
INFO: Globe is Clicked
Apr 25, 2023 11:29:32 PM Controller.HelloController globeclicked
INFO: Redirecting to Sign In Page
Apr 25, 2023 11:29:32 PM Controller.HelloController globeclicked
INFO: Sign In Page Displayed
Apr 25, 2023 11:29:40 PM Controller.HelloController submitclicked
INFO: Submit Button is Clicked
Apr 25, 2023 11:29:40 PM Controller.HelloController validate
INFO: Validate Function Initialized
Apr 25, 2023 11:29:40 PM Controller.HelloController validate
INFO: Initializing Connection to database...
Apr 25, 2023 11:29:40 PM Controller.HelloController validate
INFO: Connected to database successfully...
Apr 25, 2023 11:29:41 PM Controller.HelloController validate
INFO: Checking Credentials....
Apr 25, 2023 11:29:41 PM Controller.HelloController validate
INFO: Successfully Signed In....
Apr 25, 2023 11:29:41 PM Controller.HelloController submitclicked
INFO: Redirecting to Explore Page
Apr 25, 2023 11:29:42 PM Controller.HelloController submitclicked
INFO: Explore Page Displayed...
Apr 25, 2023 11:29:54 PM Controller.HelloController SearchClick
INFO: Search Button Clicked...
Apr 25, 2023 11:29:54 PM Controller.HelloController SearchClick
INFO: City Name is Assigned...
Apr 25, 2023 11:29:55 PM Controller.HelloController foodclicked
INFO: Restaurant Button Clicked...
Apr 25, 2023 11:29:55 PM Controller.HelloController foodclicked
INFO: Redirecting to Restaurant Page...
Apr 25, 2023 11:29:55 PM Controller.RestaurantController initialize
INFO: Hotel Display Initialized...
Apr 25, 2023 11:29:55 PM Controller.RestaurantController getData
INFO: Data Gathering Initialized...
Apr 25, 2023 11:29:55 PM Controller.RestaurantController getRestaurantsData
INFO: Restaurant Webscrape Initialized...
Apr 25, 2023 11:29:56 PM Controller.RestaurantController getRestaurantsData
INFO: Restaurant Webscrape Completed...
Apr 25, 2023 11:29:56 PM Controller.RestaurantController getData
INFO: Data Gathering Completed...
Apr 25, 2023 11:29:56 PM Controller.RestaurantController initialize
INFO: Restaurant 0 Initialized...
Apr 25, 2023 11:29:56 PM Controller.RestaurantController initialize
INFO: Restaurant 0 Gathered Successfully...
Apr 25, 2023 11:29:56 PM Controller.RestaurantController initialize
INFO: Restaurant 1 Initialized...
Apr 25, 2023 11:29:56 PM Controller.RestaurantController initialize
INFO: Restaurant 1 Gathered Successfully...
Apr 25, 2023 11:29:56 PM Controller.RestaurantController initialize
INFO: Restaurant 2 Initialized...
Apr 25, 2023 11:29:56 PM Controller.RestaurantController initialize
INFO: Restaurant 2 Gathered Successfully...
Apr 25, 2023 11:29:56 PM Controller.RestaurantController initialize
INFO: Restaurant 3 Initialized...
Apr 25, 2023 11:29:57 PM Controller.RestaurantController initialize
INFO: Restaurant 3 Gathered Successfully...
Apr 25, 2023 11:29:57 PM Controller.RestaurantController initialize
INFO: Restaurant 4 Initialized...
Apr 25, 2023 11:29:57 PM Controller.RestaurantController initialize
INFO: Restaurant 4 Gathered Successfully...
Apr 25, 2023 11:29:57 PM Controller.RestItemController setData
INFO: Restaurant SetData Initialized...
Apr 25, 2023 11:29:57 PM Controller.RestItemController setData
INFO: Restaurant SetData Completed...
Apr 25, 2023 11:29:57 PM Controller.RestItemController setData
INFO: Restaurant SetData Initialized...
Apr 25, 2023 11:29:57 PM Controller.RestItemController setData
INFO: Restaurant SetData Completed...
Apr 25, 2023 11:29:57 PM Controller.RestItemController setData
INFO: Restaurant SetData Initialized...
Apr 25, 2023 11:29:57 PM Controller.RestItemController setData
INFO: Restaurant SetData Completed...
Apr 25, 2023 11:29:57 PM Controller.RestItemController setData
INFO: Restaurant SetData Initialized...
Apr 25, 2023 11:29:57 PM Controller.RestItemController setData
INFO: Restaurant SetData Completed...
Apr 25, 2023 11:29:57 PM Controller.RestItemController setData
INFO: Restaurant SetData Initialized...
Apr 25, 2023 11:29:57 PM Controller.RestItemController setData
INFO: Restaurant SetData Completed...
Apr 25, 2023 11:29:57 PM Controller.RestaurantController initialize
INFO: Hotel Displayed Successfully...
Apr 25, 2023 11:29:57 PM Controller.HelloController foodclicked
INFO: Restaurant Page Displayed...
Apr 25, 2023 11:30:08 PM Controller.RestItemController click
INFO: Restaurant Listener Started...
Apr 25, 2023 11:30:10 PM Controller.RestaurantController Expclicked
INFO: Explore Button Clicked...
Apr 25, 2023 11:30:10 PM Controller.RestaurantController Expclicked
INFO: Redirecting to Web Page...
Apr 25, 2023 11:30:12 PM Controller.RestaurantController Expclicked
INFO: Web Page Displayed...
Apr 25, 2023 11:30:22 PM Controller.RestaurantController Hotelclicked
INFO: Hotel Button Clicked...
Apr 25, 2023 11:30:22 PM Controller.RestaurantController Hotelclicked
INFO: Redirecting to Hotel Page...
Apr 25, 2023 11:30:22 PM Controller.HotelController initialize
INFO: Hotel Display Initialized...
Apr 25, 2023 11:30:22 PM Controller.HotelController getData
INFO: Data Gathering Initialized...
Apr 25, 2023 11:30:22 PM Controller.HotelController getHotelsData
INFO: Hotel Webscrape Initialized...
Apr 25, 2023 11:30:23 PM Controller.HotelController getHotelsData
INFO: Hotel Webscrape Completed...
Apr 25, 2023 11:30:23 PM Controller.HotelController getData
INFO: Data Gathering Completed...
Apr 25, 2023 11:30:23 PM Controller.HotelController initialize
INFO: Hotel 0 Initialized...
Apr 25, 2023 11:30:23 PM Controller.HotelController initialize
INFO: Hotel 0 Gathered Successfully...
Apr 25, 2023 11:30:23 PM Controller.HotelController initialize
INFO: Hotel 1 Initialized...
Apr 25, 2023 11:30:23 PM Controller.HotelController initialize
INFO: Hotel 1 Gathered Successfully...
Apr 25, 2023 11:30:23 PM Controller.HotelController initialize
INFO: Hotel 2 Initialized...
Apr 25, 2023 11:30:24 PM Controller.HotelController initialize
INFO: Hotel 2 Gathered Successfully...
Apr 25, 2023 11:30:24 PM Controller.HotelController initialize
INFO: Hotel 3 Initialized...
Apr 25, 2023 11:30:24 PM Controller.HotelController initialize
INFO: Hotel 3 Gathered Successfully...
Apr 25, 2023 11:30:24 PM Controller.HotelController initialize
INFO: Hotel 4 Initialized...
Apr 25, 2023 11:30:24 PM Controller.HotelController initialize
INFO: Hotel 4 Gathered Successfully...
Apr 25, 2023 11:30:24 PM Controller.HotelItemController setData
INFO: Hotel SetData Initialized...
Apr 25, 2023 11:30:24 PM Controller.HotelItemController setData
INFO: Hotel SetData Completed...
Apr 25, 2023 11:30:24 PM Controller.HotelItemController setData
INFO: Hotel SetData Initialized...
Apr 25, 2023 11:30:24 PM Controller.HotelItemController setData
INFO: Hotel SetData Completed...
Apr 25, 2023 11:30:24 PM Controller.HotelItemController setData
INFO: Hotel SetData Initialized...
Apr 25, 2023 11:30:24 PM Controller.HotelItemController setData
INFO: Hotel SetData Completed...
Apr 25, 2023 11:30:24 PM Controller.HotelItemController setData
INFO: Hotel SetData Initialized...
Apr 25, 2023 11:30:24 PM Controller.HotelItemController setData
INFO: Hotel SetData Completed...
Apr 25, 2023 11:30:24 PM Controller.HotelItemController setData
INFO: Hotel SetData Initialized...
Apr 25, 2023 11:30:24 PM Controller.HotelItemController setData
INFO: Hotel SetData Completed...
Apr 25, 2023 11:30:24 PM Controller.HotelController initialize
INFO: Hotel Displayed Successfully...
Apr 25, 2023 11:30:24 PM Controller.RestaurantController Hotelclicked
INFO: Hotel Page Displayed...
Apr 25, 2023 11:30:29 PM Controller.HotelController Attclicked
INFO: Attraction Button Clicked...
Apr 25, 2023 11:30:29 PM Controller.HotelController Attclicked
INFO: Redirecting to Attraction Page...
Apr 25, 2023 11:30:29 PM Controller.AttractionController initialize
INFO: Attraction Display Initialized...
Apr 25, 2023 11:30:29 PM Controller.AttractionController getData
INFO: Data Gathering Initialized...
Apr 25, 2023 11:30:29 PM Controller.AttractionController getAttractionsData
INFO: Hotel Webscrape Initialized...
Apr 25, 2023 11:30:30 PM Controller.AttractionController getAttractionsData
INFO: Hotel Webscrape Completed...
Apr 25, 2023 11:30:30 PM Controller.AttractionController getData
INFO: Data Gathering Completed...
Apr 25, 2023 11:30:30 PM Controller.AttractionController initialize
INFO: Attraction 0 Initialized...
Apr 25, 2023 11:30:30 PM Controller.AttractionController initialize
INFO: Attraction 0 Gathered Successfully...
Apr 25, 2023 11:30:30 PM Controller.AttItemController setData
INFO: Attraction SetData Initialized...
Apr 25, 2023 11:30:30 PM Controller.AttItemController setData
INFO: Attraction SetData Completed...
Apr 25, 2023 11:30:30 PM Controller.AttractionController initialize
INFO: Attraction 1 Initialized...
Apr 25, 2023 11:30:30 PM Controller.AttractionController initialize
INFO: Attraction 1 Gathered Successfully...
Apr 25, 2023 11:30:30 PM Controller.AttItemController setData
INFO: Attraction SetData Initialized...
Apr 25, 2023 11:30:30 PM Controller.AttItemController setData
INFO: Attraction SetData Completed...
Apr 25, 2023 11:30:30 PM Controller.AttractionController initialize
INFO: Attraction 2 Initialized...
Apr 25, 2023 11:30:30 PM Controller.AttractionController initialize
INFO: Attraction 2 Gathered Successfully...
Apr 25, 2023 11:30:30 PM Controller.AttItemController setData
INFO: Attraction SetData Initialized...
Apr 25, 2023 11:30:30 PM Controller.AttItemController setData
INFO: Attraction SetData Completed...
Apr 25, 2023 11:30:30 PM Controller.AttractionController initialize
INFO: Attraction 3 Initialized...
Apr 25, 2023 11:30:30 PM Controller.AttractionController initialize
INFO: Attraction 3 Gathered Successfully...
Apr 25, 2023 11:30:30 PM Controller.AttItemController setData
INFO: Attraction SetData Initialized...
Apr 25, 2023 11:30:30 PM Controller.AttItemController setData
INFO: Attraction SetData Completed...
Apr 25, 2023 11:30:30 PM Controller.AttractionController initialize
INFO: Attraction 4 Initialized...
Apr 25, 2023 11:30:30 PM Controller.AttractionController initialize
INFO: Attraction 4 Gathered Successfully...
Apr 25, 2023 11:30:30 PM Controller.AttItemController setData
INFO: Attraction SetData Initialized...
Apr 25, 2023 11:30:30 PM Controller.AttItemController setData
INFO: Attraction SetData Completed...
Apr 25, 2023 11:30:30 PM Controller.AttractionController initialize
INFO: Attraction Displayed Successfully...
Apr 25, 2023 11:30:30 PM Controller.HotelController Attclicked
INFO: Attraction Page Displayed...
Apr 25, 2023 11:30:36 PM Controller.AttItemController click
INFO: Attraction Listener Started...
Apr 25, 2023 11:30:38 PM Controller.AttractionController Expclicked
INFO: Explore Button Clicked...
Apr 25, 2023 11:30:38 PM Controller.AttractionController Expclicked
INFO: Redirecting to Web Page...
Apr 25, 2023 11:30:38 PM Controller.AttractionController Expclicked
INFO: Web Page Displayed...
Apr 25, 2023 11:30:56 PM main.Main main
INFO: End of Program
